<?xml version="1.0" encoding="UTF-8"?>
<coverage generated="1562761704979" clover="3.2.0">
  <project timestamp="1562761704979" name="All files">
    <metrics statements="24" coveredstatements="24" conditionals="2" coveredconditionals="2" methods="7" coveredmethods="7" elements="33" coveredelements="33" complexity="0" loc="24" ncloc="24" packages="1" files="3" classes="3"/>
    <file name="Itinerary.js" path="C:\Users\Steven\Projects\cruise-ships\src\Itinerary.js">
      <metrics statements="2" coveredstatements="2" conditionals="0" coveredconditionals="0" methods="1" coveredmethods="1"/>
      <line num="2" count="6" type="stmt"/>
      <line num="5" count="2" type="stmt"/>
    </file>
    <file name="Port.js" path="C:\Users\Steven\Projects\cruise-ships\src\Port.js">
      <metrics statements="8" coveredstatements="8" conditionals="2" coveredconditionals="2" methods="3" coveredmethods="3"/>
      <line num="2" count="13" type="stmt"/>
      <line num="3" count="13" type="stmt"/>
      <line num="6" count="3" type="stmt"/>
      <line num="8" count="9" type="stmt"/>
      <line num="11" count="3" type="stmt"/>
      <line num="12" count="4" type="cond" truecount="2" falsecount="0"/>
      <line num="13" count="3" type="stmt"/>
      <line num="19" count="3" type="stmt"/>
    </file>
    <file name="Ship.js" path="C:\Users\Steven\Projects\cruise-ships\src\Ship.js">
      <metrics statements="14" coveredstatements="14" conditionals="0" coveredconditionals="0" methods="3" coveredmethods="3"/>
      <line num="2" count="5" type="stmt"/>
      <line num="3" count="5" type="stmt"/>
      <line num="4" count="5" type="stmt"/>
      <line num="5" count="5" type="stmt"/>
      <line num="8" count="1" type="stmt"/>
      <line num="10" count="2" type="stmt"/>
      <line num="11" count="2" type="stmt"/>
      <line num="12" count="2" type="stmt"/>
      <line num="15" count="1" type="stmt"/>
      <line num="16" count="1" type="stmt"/>
      <line num="17" count="1" type="stmt"/>
      <line num="18" count="1" type="stmt"/>
      <line num="19" count="1" type="stmt"/>
      <line num="23" count="1" type="stmt"/>
    </file>
  </project>
</coverage>
