{"C:\\Users\\Steven\\Projects\\cruise-ships\\src\\Itinerary.js": {"path":"C:\\Users\\Steven\\Projects\\cruise-ships\\src\\Itinerary.js","statementMap":{"0":{"start":{"line":2,"column":4},"end":{"line":2,"column":23}},"1":{"start":{"line":5,"column":0},"end":{"line":5,"column":27}}},"fnMap":{"0":{"name":"Itinerary","decl":{"start":{"line":1,"column":9},"end":{"line":1,"column":18}},"loc":{"start":{"line":1,"column":27},"end":{"line":3,"column":1}},"line":1}},"branchMap":{},"s":{"0":6,"1":2},"f":{"0":6},"b":{},"_coverageSchema":"43e27e138ebf9cfc5966b082cf9a028302ed4184","hash":"19f904f9ec14040de91d615cac3951931aacf349"}
,"C:\\Users\\Steven\\Projects\\cruise-ships\\src\\Port.js": {"path":"C:\\Users\\Steven\\Projects\\cruise-ships\\src\\Port.js","statementMap":{"0":{"start":{"line":2,"column":4},"end":{"line":2,"column":21}},"1":{"start":{"line":3,"column":4},"end":{"line":3,"column":20}},"2":{"start":{"line":6,"column":0},"end":{"line":17,"column":2}},"3":{"start":{"line":8,"column":8},"end":{"line":8,"column":30}},"4":{"start":{"line":11,"column":8},"end":{"line":15,"column":9}},"5":{"start":{"line":11,"column":22},"end":{"line":11,"column":23}},"6":{"start":{"line":12,"column":12},"end":{"line":14,"column":13}},"7":{"start":{"line":13,"column":14},"end":{"line":13,"column":38}},"8":{"start":{"line":19,"column":0},"end":{"line":19,"column":22}}},"fnMap":{"0":{"name":"Port","decl":{"start":{"line":1,"column":9},"end":{"line":1,"column":13}},"loc":{"start":{"line":1,"column":21},"end":{"line":4,"column":1}},"line":1},"1":{"name":"(anonymous_1)","decl":{"start":{"line":7,"column":13},"end":{"line":7,"column":14}},"loc":{"start":{"line":7,"column":29},"end":{"line":9,"column":5}},"line":7},"2":{"name":"(anonymous_2)","decl":{"start":{"line":10,"column":16},"end":{"line":10,"column":17}},"loc":{"start":{"line":10,"column":32},"end":{"line":16,"column":5}},"line":10}},"branchMap":{"0":{"loc":{"start":{"line":12,"column":12},"end":{"line":14,"column":13}},"type":"if","locations":[{"start":{"line":12,"column":12},"end":{"line":14,"column":13}},{"start":{"line":12,"column":12},"end":{"line":14,"column":13}}],"line":12}},"s":{"0":13,"1":13,"2":3,"3":9,"4":3,"5":3,"6":4,"7":3,"8":3},"f":{"0":13,"1":9,"2":3},"b":{"0":[3,1]},"_coverageSchema":"43e27e138ebf9cfc5966b082cf9a028302ed4184","hash":"66cf4a35201519110a3b3a52ea278506ffde4072"}
,"C:\\Users\\Steven\\Projects\\cruise-ships\\src\\Ship.js": {"path":"C:\\Users\\Steven\\Projects\\cruise-ships\\src\\Ship.js","statementMap":{"0":{"start":{"line":2,"column":4},"end":{"line":2,"column":30}},"1":{"start":{"line":3,"column":4},"end":{"line":3,"column":42}},"2":{"start":{"line":4,"column":4},"end":{"line":4,"column":29}},"3":{"start":{"line":5,"column":4},"end":{"line":5,"column":35}},"4":{"start":{"line":8,"column":0},"end":{"line":21,"column":2}},"5":{"start":{"line":10,"column":8},"end":{"line":10,"column":45}},"6":{"start":{"line":11,"column":8},"end":{"line":11,"column":42}},"7":{"start":{"line":12,"column":8},"end":{"line":12,"column":32}},"8":{"start":{"line":15,"column":26},"end":{"line":15,"column":40}},"9":{"start":{"line":16,"column":34},"end":{"line":16,"column":76}},"10":{"start":{"line":17,"column":8},"end":{"line":17,"column":66}},"11":{"start":{"line":18,"column":8},"end":{"line":18,"column":39}},"12":{"start":{"line":19,"column":8},"end":{"line":19,"column":38}},"13":{"start":{"line":23,"column":0},"end":{"line":23,"column":22}}},"fnMap":{"0":{"name":"Ship","decl":{"start":{"line":1,"column":9},"end":{"line":1,"column":13}},"loc":{"start":{"line":1,"column":26},"end":{"line":6,"column":1}},"line":1},"1":{"name":"(anonymous_1)","decl":{"start":{"line":9,"column":13},"end":{"line":9,"column":14}},"loc":{"start":{"line":9,"column":25},"end":{"line":13,"column":5}},"line":9},"2":{"name":"(anonymous_2)","decl":{"start":{"line":14,"column":10},"end":{"line":14,"column":11}},"loc":{"start":{"line":14,"column":22},"end":{"line":20,"column":5}},"line":14}},"branchMap":{},"s":{"0":5,"1":5,"2":5,"3":5,"4":1,"5":2,"6":2,"7":2,"8":1,"9":1,"10":1,"11":1,"12":1,"13":1},"f":{"0":5,"1":2,"2":1},"b":{},"_coverageSchema":"43e27e138ebf9cfc5966b082cf9a028302ed4184","hash":"b52d5eeab90f3cad97c03c5c1e08b50fdaa9e9ce"}
}
