TN:
SF:C:\Users\Steven\Projects\cruise-ships\src\Itinerary.js
FN:1,Itinerary
FNF:1
FNH:1
FNDA:6,Itinerary
DA:2,6
DA:5,2
LF:2
LH:2
BRF:0
BRH:0
end_of_record
TN:
SF:C:\Users\Steven\Projects\cruise-ships\src\Port.js
FN:1,Port
FN:7,(anonymous_1)
FN:10,(anonymous_2)
FNF:3
FNH:3
FNDA:13,Port
FNDA:9,(anonymous_1)
FNDA:3,(anonymous_2)
DA:2,13
DA:3,13
DA:6,3
DA:8,9
DA:11,3
DA:12,4
DA:13,3
DA:19,3
LF:8
LH:8
BRDA:12,0,0,3
BRDA:12,0,1,1
BRF:2
BRH:2
end_of_record
TN:
SF:C:\Users\Steven\Projects\cruise-ships\src\Ship.js
FN:1,Ship
FN:9,(anonymous_1)
FN:14,(anonymous_2)
FNF:3
FNH:3
FNDA:5,Ship
FNDA:2,(anonymous_1)
FNDA:1,(anonymous_2)
DA:2,5
DA:3,5
DA:4,5
DA:5,5
DA:8,1
DA:10,2
DA:11,2
DA:12,2
DA:15,1
DA:16,1
DA:17,1
DA:18,1
DA:19,1
DA:23,1
LF:14
LH:14
BRF:0
BRH:0
end_of_record
